0 info it worked if it ends with ok
1 verbose cli [ 'c:\\Program Files\\nodejs\\node.exe',
1 verbose cli   'c:\\Program Files\\nodejs\\node_modules\\npm\\bin\\npm-cli.js',
1 verbose cli   'install' ]
2 info using npm@2.5.1
3 info using node@v0.12.0
4 warn package.json socket-chat-example@0.0.1 No repository field.
5 verbose install where, deps [ 'c:\\Users\\daniel_kilinko\\Downloads\\chat-example-master',
5 verbose install   [ 'express', 'socket.io' ] ]
6 verbose install where, peers [ 'c:\\Users\\daniel_kilinko\\Downloads\\chat-example-master',
6 verbose install   [] ]
7 info preinstall socket-chat-example@0.0.1
8 silly cache add args [ 'express@4.10.2', null ]
9 verbose cache add spec express@4.10.2
10 silly cache add args [ 'socket.io@1.2.0', null ]
11 verbose cache add spec socket.io@1.2.0
12 silly cache add parsed spec { raw: 'express@4.10.2',
12 silly cache add   scope: null,
12 silly cache add   name: 'express',
12 silly cache add   rawSpec: '4.10.2',
12 silly cache add   spec: '4.10.2',
12 silly cache add   type: 'version' }
13 verbose addNamed express@4.10.2
14 silly addNamed semver.valid 4.10.2
15 silly addNamed semver.validRange 4.10.2
16 silly mapToRegistry name express
17 silly mapToRegistry using default registry
18 silly mapToRegistry registry https://registry.npmjs.org/
19 silly mapToRegistry uri https://registry.npmjs.org/express
20 verbose addNameVersion registry:https://registry.npmjs.org/express not in flight; fetching
21 silly cache add parsed spec { raw: 'socket.io@1.2.0',
21 silly cache add   scope: null,
21 silly cache add   name: 'socket.io',
21 silly cache add   rawSpec: '1.2.0',
21 silly cache add   spec: '1.2.0',
21 silly cache add   type: 'version' }
22 verbose addNamed socket.io@1.2.0
23 silly addNamed semver.valid 1.2.0
24 silly addNamed semver.validRange 1.2.0
25 silly mapToRegistry name socket.io
26 silly mapToRegistry using default registry
27 silly mapToRegistry registry https://registry.npmjs.org/
28 silly mapToRegistry uri https://registry.npmjs.org/socket.io
29 verbose addNameVersion registry:https://registry.npmjs.org/socket.io not in flight; fetching
30 verbose request uri https://registry.npmjs.org/express
31 verbose request no auth needed
32 info attempt registry request try #1 at 2:08:28 PM
33 verbose request id b89ba8d88a48803b
34 verbose etag "72PNDQQ3G55RCJ0NWBETH0SIP"
35 http request GET https://registry.npmjs.org/express
36 verbose request uri https://registry.npmjs.org/socket.io
37 verbose request no auth needed
38 info attempt registry request try #1 at 2:08:28 PM
39 verbose etag "4VVH4CZEDPIVLSMPTOUDYN2D4"
40 http request GET https://registry.npmjs.org/socket.io
41 http 200 https://registry.npmjs.org/express
42 silly get cb [ 200,
42 silly get   { server: 'CouchDB/1.5.0 (Erlang OTP/R16B03)',
42 silly get     etag: '"57WC0VRPRLCU3ML89EMJUQBZ"',
42 silly get     'content-type': 'application/json',
42 silly get     'cache-control': 'max-age=60',
42 silly get     'content-length': '499355',
42 silly get     'accept-ranges': 'bytes',
42 silly get     date: 'Thu, 28 May 2015 12:08:28 GMT',
42 silly get     via: '1.1 varnish',
42 silly get     age: '0',
42 silly get     connection: 'keep-alive',
42 silly get     'x-served-by': 'cache-fra1240-FRA',
42 silly get     'x-cache': 'HIT',
42 silly get     'x-cache-hits': '1',
42 silly get     'x-timer': 'S1432814908.852091,VS0,VE4',
42 silly get     vary: 'Accept' } ]
43 verbose get saving express to C:\Users\daniel_kilinko\AppData\Roaming\npm-cache\registry.npmjs.org\express\.cache.json
44 silly mapToRegistry name express
45 silly mapToRegistry using default registry
46 silly mapToRegistry registry https://registry.npmjs.org/
47 silly mapToRegistry uri https://registry.npmjs.org/express
48 verbose addRemoteTarball https://registry.npmjs.org/express/-/express-4.10.2.tgz not in flight; adding
49 verbose addRemoteTarball [ 'https://registry.npmjs.org/express/-/express-4.10.2.tgz',
49 verbose addRemoteTarball   'df06dde94d968932829d440a2004c5efe64495b0' ]
50 info retry fetch attempt 1 at 2:08:29 PM
51 info attempt registry request try #1 at 2:08:29 PM
52 http fetch GET https://registry.npmjs.org/express/-/express-4.10.2.tgz
53 http fetch 200 https://registry.npmjs.org/express/-/express-4.10.2.tgz
54 silly fetchAndShaCheck shasum df06dde94d968932829d440a2004c5efe64495b0
55 verbose addTmpTarball C:\Users\daniel_kilinko\AppData\Local\Temp\npm-6032-e7c518d7\registry.npmjs.org\express\-\express-4.10.2.tgz not in flight; adding
56 verbose addTmpTarball already have metadata; skipping unpack for express@4.10.2
57 silly cache afterAdd express@4.10.2
58 verbose afterAdd C:\Users\daniel_kilinko\AppData\Roaming\npm-cache\express\4.10.2\package\package.json not in flight; writing
59 verbose afterAdd C:\Users\daniel_kilinko\AppData\Roaming\npm-cache\express\4.10.2\package\package.json written
60 info retry will retry, error on last attempt: Error: read ECONNRESET
61 verbose stack Error: read ECONNRESET
61 verbose stack     at exports._errnoException (util.js:746:11)
61 verbose stack     at TCP.onread (net.js:550:26)
62 verbose cwd c:\Users\daniel_kilinko\Downloads\chat-example-master
63 error Windows_NT 6.1.7601
64 error argv "c:\\Program Files\\nodejs\\node.exe" "c:\\Program Files\\nodejs\\node_modules\\npm\\bin\\npm-cli.js" "install"
65 error node v0.12.0
66 error npm  v2.5.1
67 error code ECONNRESET
68 error errno ECONNRESET
69 error syscall read
70 error network read ECONNRESET
70 error network This is most likely not a problem with npm itself
70 error network and is related to network connectivity.
70 error network In most cases you are behind a proxy or have bad network settings.
70 error network
70 error network If you are behind a proxy, please make sure that the
70 error network 'proxy' config is set properly.  See: 'npm help config'
71 verbose exit [ 1, true ]
